app/build/intermediates/manifest_merge_blame_file/release/manifest-merger-blame-release-report.txt
1<?xml version="1.0" encoding="utf-8"?>
2<manifest xmlns:android="http://schemas.android.com/apk/res/android"
3    package="com.futuredeveloper.scheduleplanner"
4    android:versionCode="4"
5    android:versionName="1.3" >
6
7    <uses-sdk
8        android:minSdkVersion="21"
8-->src\main\AndroidManifest.xml
9        android:targetSdkVersion="31" />
9-->src\main\AndroidManifest.xml
10
11    <uses-permission android:name="android.permission.INTERNET" />
11-->src\main\AndroidManifest.xml:6:5-67
11-->src\main\AndroidManifest.xml:6:22-64
12    <uses-permission android:name="android.permission.SCHEDULE_EXACT_ALARM" />
12-->src\main\AndroidManifest.xml:7:5-79
12-->src\main\AndroidManifest.xml:7:22-76
13    <uses-permission android:name="android.permission.VIBRATE" />
13-->src\main\AndroidManifest.xml:8:5-66
13-->src\main\AndroidManifest.xml:8:22-63
14    <uses-permission android:name="android.permission.ACCESS_NETWORK_STATE" /> <!-- Permission will be merged into the manifest of the hosting app. -->
14-->[com.pierfrancescosoffritti.androidyoutubeplayer:core:11.0.1] AndroidManifest.xml:10:5-79
14-->[com.pierfrancescosoffritti.androidyoutubeplayer:core:11.0.1] AndroidManifest.xml:10:22-76
15    <!-- Is required to launch foreground extraction service for targetSdkVersion 28+. -->
16    <uses-permission android:name="android.permission.FOREGROUND_SERVICE" />
16-->[com.google.android.play:core:1.10.3] AndroidManifest.xml:13:5-77
16-->[com.google.android.play:core:1.10.3] AndroidManifest.xml:13:22-74
17    <uses-permission android:name="com.google.android.finsky.permission.BIND_GET_INSTALL_REFERRER_SERVICE" />
17-->[com.google.android.gms:play-services-measurement:20.0.2] AndroidManifest.xml:26:5-110
17-->[com.google.android.gms:play-services-measurement:20.0.2] AndroidManifest.xml:26:22-107
18    <uses-permission android:name="com.google.android.gms.permission.AD_ID" /> <!-- Android package visibility setting -->
18-->[com.google.android.gms:play-services-ads-lite:20.5.0] AndroidManifest.xml:25:5-79
18-->[com.google.android.gms:play-services-ads-lite:20.5.0] AndroidManifest.xml:25:22-76
19    <queries>
19-->[com.google.android.gms:play-services-ads-lite:20.5.0] AndroidManifest.xml:28:5-44:15
20
21        <!-- For browser content -->
22        <intent>
22-->[com.google.android.gms:play-services-ads-lite:20.5.0] AndroidManifest.xml:31:9-37:18
23            <action android:name="android.intent.action.VIEW" />
23-->[com.google.android.gms:play-services-ads-lite:20.5.0] AndroidManifest.xml:32:13-65
23-->[com.google.android.gms:play-services-ads-lite:20.5.0] AndroidManifest.xml:32:21-62
24
25            <category android:name="android.intent.category.BROWSABLE" />
25-->[com.google.android.gms:play-services-ads-lite:20.5.0] AndroidManifest.xml:34:13-74
25-->[com.google.android.gms:play-services-ads-lite:20.5.0] AndroidManifest.xml:34:23-71
26
27            <data android:scheme="https" />
27-->[com.google.android.gms:play-services-ads-lite:20.5.0] AndroidManifest.xml:36:13-44
27-->[com.google.android.gms:play-services-ads-lite:20.5.0] AndroidManifest.xml:36:19-41
28        </intent>
29        <!-- End of browser content -->
30        <!-- For CustomTabsService -->
31        <intent>
31-->[com.google.android.gms:play-services-ads-lite:20.5.0] AndroidManifest.xml:40:9-42:18
32            <action android:name="android.support.customtabs.action.CustomTabsService" />
32-->[com.google.android.gms:play-services-ads-lite:20.5.0] AndroidManifest.xml:41:13-90
32-->[com.google.android.gms:play-services-ads-lite:20.5.0] AndroidManifest.xml:41:21-87
33        </intent>
34        <!-- End of CustomTabsService -->
35    </queries>
36
37    <application
37-->src\main\AndroidManifest.xml:12:5-55:19
38        android:allowBackup="true"
38-->src\main\AndroidManifest.xml:13:9-35
39        android:appComponentFactory="androidx.core.app.CoreComponentFactory"
39-->[androidx.core:core:1.7.0] AndroidManifest.xml:24:18-86
40        android:icon="@mipmap/ic_launcher"
40-->src\main\AndroidManifest.xml:14:9-43
41        android:label="@string/app_name"
41-->src\main\AndroidManifest.xml:15:9-41
42        android:roundIcon="@mipmap/ic_launcher_round"
42-->src\main\AndroidManifest.xml:16:9-54
43        android:supportsRtl="true"
43-->src\main\AndroidManifest.xml:17:9-35
44        android:theme="@style/Theme.SchedulePlanner" >
44-->src\main\AndroidManifest.xml:18:9-53
45        <activity
45-->src\main\AndroidManifest.xml:21:9-23:40
46            android:name="com.futuredeveloper.scheduleplanner.activity.HowToUse"
46-->src\main\AndroidManifest.xml:22:13-46
47            android:exported="false" />
47-->src\main\AndroidManifest.xml:23:13-37
48
49        <meta-data
49-->src\main\AndroidManifest.xml:24:9-26:70
50            android:name="com.google.android.gms.ads.APPLICATION_ID"
50-->src\main\AndroidManifest.xml:25:13-69
51            android:value="ca-app-pub-4058900641259972~1044676716" />
51-->src\main\AndroidManifest.xml:26:13-67
52
53        <activity
53-->src\main\AndroidManifest.xml:27:9-29:40
54            android:name="com.futuredeveloper.scheduleplanner.activity.NotesActivity"
54-->src\main\AndroidManifest.xml:28:13-51
55            android:exported="false" />
55-->src\main\AndroidManifest.xml:29:13-37
56        <activity
56-->src\main\AndroidManifest.xml:30:9-32:40
57            android:name="com.futuredeveloper.scheduleplanner.activity.CreateTaskActivity"
57-->src\main\AndroidManifest.xml:31:13-56
58            android:exported="false" />
58-->src\main\AndroidManifest.xml:32:13-37
59        <activity
59-->src\main\AndroidManifest.xml:33:9-36:57
60            android:name="com.futuredeveloper.scheduleplanner.activity.CreatePlanActivity"
60-->src\main\AndroidManifest.xml:34:13-56
61            android:exported="false"
61-->src\main\AndroidManifest.xml:35:13-37
62            android:windowSoftInputMode="stateHidden" />
62-->src\main\AndroidManifest.xml:36:13-54
63        <activity
63-->src\main\AndroidManifest.xml:37:9-39:40
64            android:name="com.futuredeveloper.scheduleplanner.activity.MainActivity"
64-->src\main\AndroidManifest.xml:38:13-50
65            android:exported="false" />
65-->src\main\AndroidManifest.xml:39:13-37
66        <activity
66-->src\main\AndroidManifest.xml:40:9-48:20
67            android:name="com.futuredeveloper.scheduleplanner.activity.SplashScreen"
67-->src\main\AndroidManifest.xml:41:13-50
68            android:exported="true" >
68-->src\main\AndroidManifest.xml:42:13-36
69            <intent-filter>
69-->src\main\AndroidManifest.xml:43:13-47:29
70                <action android:name="android.intent.action.MAIN" />
70-->src\main\AndroidManifest.xml:44:17-69
70-->src\main\AndroidManifest.xml:44:25-66
71
72                <category android:name="android.intent.category.LAUNCHER" />
72-->src\main\AndroidManifest.xml:46:17-77
72-->src\main\AndroidManifest.xml:46:27-74
73            </intent-filter>
74        </activity>
75
76        <receiver
76-->src\main\AndroidManifest.xml:50:9-54:20
77            android:name="com.futuredeveloper.scheduleplanner.classes.AlarmReceiver"
77-->src\main\AndroidManifest.xml:51:13-50
78            android:enabled="true"
78-->src\main\AndroidManifest.xml:52:13-35
79            android:exported="true" >
79-->src\main\AndroidManifest.xml:53:13-36
80        </receiver>
81
82        <service
82-->[com.google.firebase:firebase-firestore-ktx:24.0.0] AndroidManifest.xml:12:9-18:19
83            android:name="com.google.firebase.components.ComponentDiscoveryService"
83-->[com.google.firebase:firebase-firestore-ktx:24.0.0] AndroidManifest.xml:13:13-84
84            android:directBootAware="true"
84-->[com.google.firebase:firebase-common:20.0.0] AndroidManifest.xml:35:13-43
85            android:exported="false" >
85-->[com.google.firebase:firebase-firestore-ktx:24.0.0] AndroidManifest.xml:14:13-37
86            <meta-data
86-->[com.google.firebase:firebase-firestore-ktx:24.0.0] AndroidManifest.xml:15:13-17:85
87                android:name="com.google.firebase.components:com.google.firebase.firestore.ktx.FirebaseFirestoreKtxRegistrar"
87-->[com.google.firebase:firebase-firestore-ktx:24.0.0] AndroidManifest.xml:16:17-126
88                android:value="com.google.firebase.components.ComponentRegistrar" />
88-->[com.google.firebase:firebase-firestore-ktx:24.0.0] AndroidManifest.xml:17:17-82
89            <meta-data
89-->[com.google.firebase:firebase-firestore:24.0.0] AndroidManifest.xml:20:13-22:85
90                android:name="com.google.firebase.components:com.google.firebase.firestore.FirestoreRegistrar"
90-->[com.google.firebase:firebase-firestore:24.0.0] AndroidManifest.xml:21:17-111
91                android:value="com.google.firebase.components.ComponentRegistrar" />
91-->[com.google.firebase:firebase-firestore:24.0.0] AndroidManifest.xml:22:17-82
92            <meta-data
92-->[com.google.firebase:firebase-analytics-ktx:20.0.0] AndroidManifest.xml:11:13-13:85
93                android:name="com.google.firebase.components:com.google.firebase.analytics.ktx.FirebaseAnalyticsKtxRegistrar"
93-->[com.google.firebase:firebase-analytics-ktx:20.0.0] AndroidManifest.xml:12:17-126
94                android:value="com.google.firebase.components.ComponentRegistrar" />
94-->[com.google.firebase:firebase-analytics-ktx:20.0.0] AndroidManifest.xml:13:17-82
95            <meta-data
95-->[com.google.firebase:firebase-auth-ktx:21.0.1] AndroidManifest.xml:11:13-13:85
96                android:name="com.google.firebase.components:com.google.firebase.auth.ktx.FirebaseAuthKtxRegistrar"
96-->[com.google.firebase:firebase-auth-ktx:21.0.1] AndroidManifest.xml:12:17-116
97                android:value="com.google.firebase.components.ComponentRegistrar" />
97-->[com.google.firebase:firebase-auth-ktx:21.0.1] AndroidManifest.xml:13:17-82
98            <meta-data
98-->[com.google.android.gms:play-services-measurement-api:20.0.2] AndroidManifest.xml:30:13-32:85
99                android:name="com.google.firebase.components:com.google.firebase.analytics.connector.internal.AnalyticsConnectorRegistrar"
99-->[com.google.android.gms:play-services-measurement-api:20.0.2] AndroidManifest.xml:31:17-139
100                android:value="com.google.firebase.components.ComponentRegistrar" />
100-->[com.google.android.gms:play-services-measurement-api:20.0.2] AndroidManifest.xml:32:17-82
101            <meta-data
101-->[com.google.firebase:firebase-auth:21.0.1] AndroidManifest.xml:77:13-79:85
102                android:name="com.google.firebase.components:com.google.firebase.auth.FirebaseAuthRegistrar"
102-->[com.google.firebase:firebase-auth:21.0.1] AndroidManifest.xml:78:17-109
103                android:value="com.google.firebase.components.ComponentRegistrar" />
103-->[com.google.firebase:firebase-auth:21.0.1] AndroidManifest.xml:79:17-82
104            <meta-data
104-->[com.google.firebase:firebase-common-ktx:20.0.0] AndroidManifest.xml:15:13-17:85
105                android:name="com.google.firebase.components:com.google.firebase.ktx.FirebaseCommonKtxRegistrar"
105-->[com.google.firebase:firebase-common-ktx:20.0.0] AndroidManifest.xml:16:17-113
106                android:value="com.google.firebase.components.ComponentRegistrar" />
106-->[com.google.firebase:firebase-common-ktx:20.0.0] AndroidManifest.xml:17:17-82
107            <meta-data
107-->[com.google.firebase:firebase-installations:17.0.0] AndroidManifest.xml:18:13-20:85
108                android:name="com.google.firebase.components:com.google.firebase.installations.FirebaseInstallationsRegistrar"
108-->[com.google.firebase:firebase-installations:17.0.0] AndroidManifest.xml:19:17-127
109                android:value="com.google.firebase.components.ComponentRegistrar" />
109-->[com.google.firebase:firebase-installations:17.0.0] AndroidManifest.xml:20:17-82
110        </service> <!-- The activities will be merged into the manifest of the hosting app. -->
111        <activity
111-->[com.google.android.play:core:1.10.3] AndroidManifest.xml:18:9-24:45
112            android:name="com.google.android.play.core.missingsplits.PlayCoreMissingSplitsActivity"
112-->[com.google.android.play:core:1.10.3] AndroidManifest.xml:19:13-100
113            android:enabled="false"
113-->[com.google.android.play:core:1.10.3] AndroidManifest.xml:20:13-36
114            android:exported="false"
114-->[com.google.android.play:core:1.10.3] AndroidManifest.xml:21:13-37
115            android:launchMode="singleInstance"
115-->[com.google.android.play:core:1.10.3] AndroidManifest.xml:22:13-48
116            android:process=":playcore_missing_splits_activity"
116-->[com.google.android.play:core:1.10.3] AndroidManifest.xml:23:13-64
117            android:stateNotNeeded="true" />
117-->[com.google.android.play:core:1.10.3] AndroidManifest.xml:24:13-42
118        <activity
118-->[com.google.android.play:core:1.10.3] AndroidManifest.xml:25:9-29:65
119            android:name="com.google.android.play.core.common.PlayCoreDialogWrapperActivity"
119-->[com.google.android.play:core:1.10.3] AndroidManifest.xml:26:13-93
120            android:exported="false"
120-->[com.google.android.play:core:1.10.3] AndroidManifest.xml:27:13-37
121            android:stateNotNeeded="true"
121-->[com.google.android.play:core:1.10.3] AndroidManifest.xml:28:13-42
122            android:theme="@style/Theme.PlayCore.Transparent" /> <!-- The services will be merged into the manifest of the hosting app. -->
122-->[com.google.android.play:core:1.10.3] AndroidManifest.xml:29:13-62
123        <service
123-->[com.google.android.play:core:1.10.3] AndroidManifest.xml:32:9-39:19
124            android:name="com.google.android.play.core.assetpacks.AssetPackExtractionService"
124-->[com.google.android.play:core:1.10.3] AndroidManifest.xml:33:13-94
125            android:enabled="false"
125-->[com.google.android.play:core:1.10.3] AndroidManifest.xml:34:13-36
126            android:exported="true" >
126-->[com.google.android.play:core:1.10.3] AndroidManifest.xml:35:13-36
127            <meta-data
127-->[com.google.android.play:core:1.10.3] AndroidManifest.xml:36:13-38:41
128                android:name="com.google.android.play.core.assetpacks.versionCode"
128-->[com.google.android.play:core:1.10.3] AndroidManifest.xml:37:17-83
129                android:value="11003" />
129-->[com.google.android.play:core:1.10.3] AndroidManifest.xml:38:17-38
130        </service>
131        <service
131-->[com.google.android.play:core:1.10.3] AndroidManifest.xml:40:9-43:40
132            android:name="com.google.android.play.core.assetpacks.ExtractionForegroundService"
132-->[com.google.android.play:core:1.10.3] AndroidManifest.xml:41:13-95
133            android:enabled="false"
133-->[com.google.android.play:core:1.10.3] AndroidManifest.xml:42:13-36
134            android:exported="false" />
134-->[com.google.android.play:core:1.10.3] AndroidManifest.xml:43:13-37
135
136        <activity
136-->[com.google.android.gms:play-services-auth:20.1.0] AndroidManifest.xml:23:9-27:75
137            android:name="com.google.android.gms.auth.api.signin.internal.SignInHubActivity"
137-->[com.google.android.gms:play-services-auth:20.1.0] AndroidManifest.xml:24:13-93
138            android:excludeFromRecents="true"
138-->[com.google.android.gms:play-services-auth:20.1.0] AndroidManifest.xml:25:13-46
139            android:exported="false"
139-->[com.google.android.gms:play-services-auth:20.1.0] AndroidManifest.xml:26:13-37
140            android:theme="@android:style/Theme.Translucent.NoTitleBar" />
140-->[com.google.android.gms:play-services-auth:20.1.0] AndroidManifest.xml:27:13-72
141        <!--
142            Service handling Google Sign-In user revocation. For apps that do not integrate with
143            Google Sign-In, this service will never be started.
144        -->
145        <service
145-->[com.google.android.gms:play-services-auth:20.1.0] AndroidManifest.xml:33:9-37:51
146            android:name="com.google.android.gms.auth.api.signin.RevocationBoundService"
146-->[com.google.android.gms:play-services-auth:20.1.0] AndroidManifest.xml:34:13-89
147            android:exported="true"
147-->[com.google.android.gms:play-services-auth:20.1.0] AndroidManifest.xml:35:13-36
148            android:permission="com.google.android.gms.auth.api.signin.permission.REVOCATION_NOTIFICATION"
148-->[com.google.android.gms:play-services-auth:20.1.0] AndroidManifest.xml:36:13-107
149            android:visibleToInstantApps="true" />
149-->[com.google.android.gms:play-services-auth:20.1.0] AndroidManifest.xml:37:13-48
150
151        <receiver
151-->[com.google.android.gms:play-services-measurement:20.0.2] AndroidManifest.xml:29:9-33:20
152            android:name="com.google.android.gms.measurement.AppMeasurementReceiver"
152-->[com.google.android.gms:play-services-measurement:20.0.2] AndroidManifest.xml:30:13-85
153            android:enabled="true"
153-->[com.google.android.gms:play-services-measurement:20.0.2] AndroidManifest.xml:31:13-35
154            android:exported="false" >
154-->[com.google.android.gms:play-services-measurement:20.0.2] AndroidManifest.xml:32:13-37
155        </receiver>
156
157        <service
157-->[com.google.android.gms:play-services-measurement:20.0.2] AndroidManifest.xml:35:9-38:40
158            android:name="com.google.android.gms.measurement.AppMeasurementService"
158-->[com.google.android.gms:play-services-measurement:20.0.2] AndroidManifest.xml:36:13-84
159            android:enabled="true"
159-->[com.google.android.gms:play-services-measurement:20.0.2] AndroidManifest.xml:37:13-35
160            android:exported="false" />
160-->[com.google.android.gms:play-services-measurement:20.0.2] AndroidManifest.xml:38:13-37
161        <service
161-->[com.google.android.gms:play-services-measurement:20.0.2] AndroidManifest.xml:39:9-43:72
162            android:name="com.google.android.gms.measurement.AppMeasurementJobService"
162-->[com.google.android.gms:play-services-measurement:20.0.2] AndroidManifest.xml:40:13-87
163            android:enabled="true"
163-->[com.google.android.gms:play-services-measurement:20.0.2] AndroidManifest.xml:41:13-35
164            android:exported="false"
164-->[com.google.android.gms:play-services-measurement:20.0.2] AndroidManifest.xml:42:13-37
165            android:permission="android.permission.BIND_JOB_SERVICE" /> <!-- Include the AdActivity and InAppPurchaseActivity configChanges and themes. -->
165-->[com.google.android.gms:play-services-measurement:20.0.2] AndroidManifest.xml:43:13-69
166        <activity
166-->[com.google.android.gms:play-services-ads-lite:20.5.0] AndroidManifest.xml:49:9-53:64
167            android:name="com.google.android.gms.ads.AdActivity"
167-->[com.google.android.gms:play-services-ads-lite:20.5.0] AndroidManifest.xml:50:13-65
168            android:configChanges="keyboard|keyboardHidden|orientation|screenLayout|uiMode|screenSize|smallestScreenSize"
168-->[com.google.android.gms:play-services-ads-lite:20.5.0] AndroidManifest.xml:51:13-122
169            android:exported="false"
169-->[com.google.android.gms:play-services-ads-lite:20.5.0] AndroidManifest.xml:52:13-37
170            android:theme="@android:style/Theme.Translucent" />
170-->[com.google.android.gms:play-services-ads-lite:20.5.0] AndroidManifest.xml:53:13-61
171
172        <provider
172-->[com.google.android.gms:play-services-ads-lite:20.5.0] AndroidManifest.xml:55:9-59:39
173            android:name="com.google.android.gms.ads.MobileAdsInitProvider"
173-->[com.google.android.gms:play-services-ads-lite:20.5.0] AndroidManifest.xml:56:13-76
174            android:authorities="com.futuredeveloper.scheduleplanner.mobileadsinitprovider"
174-->[com.google.android.gms:play-services-ads-lite:20.5.0] AndroidManifest.xml:57:13-73
175            android:exported="false"
175-->[com.google.android.gms:play-services-ads-lite:20.5.0] AndroidManifest.xml:58:13-37
176            android:initOrder="100" />
176-->[com.google.android.gms:play-services-ads-lite:20.5.0] AndroidManifest.xml:59:13-36
177
178        <service
178-->[com.google.android.gms:play-services-ads-lite:20.5.0] AndroidManifest.xml:61:9-64:40
179            android:name="com.google.android.gms.ads.AdService"
179-->[com.google.android.gms:play-services-ads-lite:20.5.0] AndroidManifest.xml:62:13-64
180            android:enabled="true"
180-->[com.google.android.gms:play-services-ads-lite:20.5.0] AndroidManifest.xml:63:13-35
181            android:exported="false" />
181-->[com.google.android.gms:play-services-ads-lite:20.5.0] AndroidManifest.xml:64:13-37
182
183        <activity
183-->[com.google.firebase:firebase-auth:21.0.1] AndroidManifest.xml:27:9-44:20
184            android:name="com.google.firebase.auth.internal.GenericIdpActivity"
184-->[com.google.firebase:firebase-auth:21.0.1] AndroidManifest.xml:28:13-80
185            android:excludeFromRecents="true"
185-->[com.google.firebase:firebase-auth:21.0.1] AndroidManifest.xml:29:13-46
186            android:exported="true"
186-->[com.google.firebase:firebase-auth:21.0.1] AndroidManifest.xml:30:13-36
187            android:launchMode="singleTask"
187-->[com.google.firebase:firebase-auth:21.0.1] AndroidManifest.xml:31:13-44
188            android:theme="@android:style/Theme.Translucent.NoTitleBar" >
188-->[com.google.firebase:firebase-auth:21.0.1] AndroidManifest.xml:32:13-72
189            <intent-filter>
189-->[com.google.firebase:firebase-auth:21.0.1] AndroidManifest.xml:33:13-43:29
190                <action android:name="android.intent.action.VIEW" />
190-->[com.google.android.gms:play-services-ads-lite:20.5.0] AndroidManifest.xml:32:13-65
190-->[com.google.android.gms:play-services-ads-lite:20.5.0] AndroidManifest.xml:32:21-62
191
192                <category android:name="android.intent.category.DEFAULT" />
192-->[com.google.firebase:firebase-auth:21.0.1] AndroidManifest.xml:36:17-76
192-->[com.google.firebase:firebase-auth:21.0.1] AndroidManifest.xml:36:27-73
193                <category android:name="android.intent.category.BROWSABLE" />
193-->[com.google.android.gms:play-services-ads-lite:20.5.0] AndroidManifest.xml:34:13-74
193-->[com.google.android.gms:play-services-ads-lite:20.5.0] AndroidManifest.xml:34:23-71
194
195                <data
195-->[com.google.android.gms:play-services-ads-lite:20.5.0] AndroidManifest.xml:36:13-44
196                    android:host="firebase.auth"
197                    android:path="/"
198                    android:scheme="genericidp" />
198-->[com.google.android.gms:play-services-ads-lite:20.5.0] AndroidManifest.xml:36:19-41
199            </intent-filter>
200        </activity>
201        <activity
201-->[com.google.firebase:firebase-auth:21.0.1] AndroidManifest.xml:45:9-62:20
202            android:name="com.google.firebase.auth.internal.RecaptchaActivity"
202-->[com.google.firebase:firebase-auth:21.0.1] AndroidManifest.xml:46:13-79
203            android:excludeFromRecents="true"
203-->[com.google.firebase:firebase-auth:21.0.1] AndroidManifest.xml:47:13-46
204            android:exported="true"
204-->[com.google.firebase:firebase-auth:21.0.1] AndroidManifest.xml:48:13-36
205            android:launchMode="singleTask"
205-->[com.google.firebase:firebase-auth:21.0.1] AndroidManifest.xml:49:13-44
206            android:theme="@android:style/Theme.Translucent.NoTitleBar" >
206-->[com.google.firebase:firebase-auth:21.0.1] AndroidManifest.xml:50:13-72
207            <intent-filter>
207-->[com.google.firebase:firebase-auth:21.0.1] AndroidManifest.xml:51:13-61:29
208                <action android:name="android.intent.action.VIEW" />
208-->[com.google.android.gms:play-services-ads-lite:20.5.0] AndroidManifest.xml:32:13-65
208-->[com.google.android.gms:play-services-ads-lite:20.5.0] AndroidManifest.xml:32:21-62
209
210                <category android:name="android.intent.category.DEFAULT" />
210-->[com.google.firebase:firebase-auth:21.0.1] AndroidManifest.xml:36:17-76
210-->[com.google.firebase:firebase-auth:21.0.1] AndroidManifest.xml:36:27-73
211                <category android:name="android.intent.category.BROWSABLE" />
211-->[com.google.android.gms:play-services-ads-lite:20.5.0] AndroidManifest.xml:34:13-74
211-->[com.google.android.gms:play-services-ads-lite:20.5.0] AndroidManifest.xml:34:23-71
212
213                <data
213-->[com.google.android.gms:play-services-ads-lite:20.5.0] AndroidManifest.xml:36:13-44
214                    android:host="firebase.auth"
215                    android:path="/"
216                    android:scheme="recaptcha" />
216-->[com.google.android.gms:play-services-ads-lite:20.5.0] AndroidManifest.xml:36:19-41
217            </intent-filter>
218        </activity>
219
220        <service
220-->[com.google.firebase:firebase-auth:21.0.1] AndroidManifest.xml:64:9-73:19
221            android:name="com.google.firebase.auth.api.fallback.service.FirebaseAuthFallbackService"
221-->[com.google.firebase:firebase-auth:21.0.1] AndroidManifest.xml:65:13-101
222            android:enabled="true"
222-->[com.google.firebase:firebase-auth:21.0.1] AndroidManifest.xml:66:13-35
223            android:exported="false" >
223-->[com.google.firebase:firebase-auth:21.0.1] AndroidManifest.xml:67:13-37
224            <intent-filter>
224-->[com.google.firebase:firebase-auth:21.0.1] AndroidManifest.xml:68:13-72:29
225                <action android:name="com.google.firebase.auth.api.gms.service.START" />
225-->[com.google.firebase:firebase-auth:21.0.1] AndroidManifest.xml:69:17-89
225-->[com.google.firebase:firebase-auth:21.0.1] AndroidManifest.xml:69:25-86
226
227                <category android:name="android.intent.category.DEFAULT" />
227-->[com.google.firebase:firebase-auth:21.0.1] AndroidManifest.xml:36:17-76
227-->[com.google.firebase:firebase-auth:21.0.1] AndroidManifest.xml:36:27-73
228            </intent-filter>
229        </service>
230
231        <activity
231-->[com.google.android.gms:play-services-base:18.0.1] AndroidManifest.xml:20:9-22:45
232            android:name="com.google.android.gms.common.api.GoogleApiActivity"
232-->[com.google.android.gms:play-services-base:18.0.1] AndroidManifest.xml:20:19-85
233            android:exported="false"
233-->[com.google.android.gms:play-services-base:18.0.1] AndroidManifest.xml:22:19-43
234            android:theme="@android:style/Theme.Translucent.NoTitleBar" />
234-->[com.google.android.gms:play-services-base:18.0.1] AndroidManifest.xml:21:19-78
235
236        <provider
236-->[com.google.firebase:firebase-common:20.0.0] AndroidManifest.xml:26:9-31:39
237            android:name="com.google.firebase.provider.FirebaseInitProvider"
237-->[com.google.firebase:firebase-common:20.0.0] AndroidManifest.xml:27:13-77
238            android:authorities="com.futuredeveloper.scheduleplanner.firebaseinitprovider"
238-->[com.google.firebase:firebase-common:20.0.0] AndroidManifest.xml:28:13-72
239            android:directBootAware="true"
239-->[com.google.firebase:firebase-common:20.0.0] AndroidManifest.xml:29:13-43
240            android:exported="false"
240-->[com.google.firebase:firebase-common:20.0.0] AndroidManifest.xml:30:13-37
241            android:initOrder="100" />
241-->[com.google.firebase:firebase-common:20.0.0] AndroidManifest.xml:31:13-36
242
243        <meta-data
243-->[com.google.android.gms:play-services-basement:18.0.0] AndroidManifest.xml:21:9-23:69
244            android:name="com.google.android.gms.version"
244-->[com.google.android.gms:play-services-basement:18.0.0] AndroidManifest.xml:22:13-58
245            android:value="@integer/google_play_services_version" />
245-->[com.google.android.gms:play-services-basement:18.0.0] AndroidManifest.xml:23:13-66
246
247        <provider
247-->[androidx.emoji2:emoji2:1.0.0] AndroidManifest.xml:26:9-34:20
248            android:name="androidx.startup.InitializationProvider"
248-->[androidx.emoji2:emoji2:1.0.0] AndroidManifest.xml:27:13-67
249            android:authorities="com.futuredeveloper.scheduleplanner.androidx-startup"
249-->[androidx.emoji2:emoji2:1.0.0] AndroidManifest.xml:28:13-68
250            android:exported="false" >
250-->[androidx.emoji2:emoji2:1.0.0] AndroidManifest.xml:29:13-37
251            <meta-data
251-->[androidx.emoji2:emoji2:1.0.0] AndroidManifest.xml:31:13-33:52
252                android:name="androidx.emoji2.text.EmojiCompatInitializer"
252-->[androidx.emoji2:emoji2:1.0.0] AndroidManifest.xml:32:17-75
253                android:value="androidx.startup" />
253-->[androidx.emoji2:emoji2:1.0.0] AndroidManifest.xml:33:17-49
254            <meta-data
254-->[androidx.work:work-runtime:2.7.0] AndroidManifest.xml:36:13-38:52
255                android:name="androidx.work.WorkManagerInitializer"
255-->[androidx.work:work-runtime:2.7.0] AndroidManifest.xml:37:17-68
256                android:value="androidx.startup" />
256-->[androidx.work:work-runtime:2.7.0] AndroidManifest.xml:38:17-49
257            <meta-data
257-->[androidx.lifecycle:lifecycle-process:2.4.0] AndroidManifest.xml:31:13-33:52
258                android:name="androidx.lifecycle.ProcessLifecycleInitializer"
258-->[androidx.lifecycle:lifecycle-process:2.4.0] AndroidManifest.xml:32:17-78
259                android:value="androidx.startup" />
259-->[androidx.lifecycle:lifecycle-process:2.4.0] AndroidManifest.xml:33:17-49
260        </provider>
261
262        <service
262-->[androidx.work:work-runtime:2.7.0] AndroidManifest.xml:41:9-46:35
263            android:name="androidx.work.impl.background.systemalarm.SystemAlarmService"
263-->[androidx.work:work-runtime:2.7.0] AndroidManifest.xml:42:13-88
264            android:directBootAware="false"
264-->[androidx.work:work-runtime:2.7.0] AndroidManifest.xml:43:13-44
265            android:enabled="@bool/enable_system_alarm_service_default"
265-->[androidx.work:work-runtime:2.7.0] AndroidManifest.xml:44:13-72
266            android:exported="false" />
266-->[androidx.work:work-runtime:2.7.0] AndroidManifest.xml:45:13-37
267        <service